<?xml version="1.0" encoding="UTF-8"?>
<!-- Generated by org.testng.reporters.JUnitReportReporter -->
<testsuite hostname="Jyothi" failures="0" tests="1" name="TestRunner.DataDrivenTesting" time="0.634" errors="0" timestamp="2023-01-05T18:29:43 IST" skipped="0">
  <testcase classname="TestRunner.DataDrivenTesting" name="dataDriven" time="0.634"/>
  <system-out/>
</testsuite> <!-- TestRunner.DataDrivenTesting -->
