<?xml version="1.0" encoding="UTF-8"?>
<!-- Generated by org.testng.reporters.JUnitReportReporter -->
<testsuite hostname="Jyothi" failures="0" tests="1" name="TestRunner.GraphQL" time="3.704" errors="0" timestamp="2023-01-05T00:02:00 IST" skipped="0">
  <testcase classname="TestRunner.GraphQL" name="setQueryGraphQL" time="3.704"/>
  <system-out/>
</testsuite> <!-- TestRunner.GraphQL -->
