<?xml version="1.0" encoding="UTF-8"?>
<!-- Generated by org.testng.reporters.JUnitReportReporter -->
<testsuite hostname="Jyothi" failures="0" tests="1" name="TestRunner.Serialization" time="3.060" errors="0" timestamp="2022-12-29T14:07:46 IST" skipped="0">
  <testcase classname="TestRunner.Serialization" name="getSerialization" time="3.060"/>
  <system-out/>
</testsuite> <!-- TestRunner.Serialization -->
