<?xml version="1.0" encoding="UTF-8"?>
<!-- Generated by org.testng.reporters.JUnitReportReporter -->
<testsuite hostname="Jyothi" failures="0" tests="1" name="TestRunner.AccessingExcelData" time="1.124" errors="0" timestamp="2023-01-05T19:44:12 IST" skipped="0">
  <testcase classname="TestRunner.AccessingExcelData" name="getprofileData" time="1.124"/>
  <system-out/>
</testsuite> <!-- TestRunner.AccessingExcelData -->
