<?xml version="1.0" encoding="UTF-8"?>
<!-- Generated by org.testng.reporters.JUnitReportReporter -->
<testsuite hostname="Jyothi" failures="0" tests="1" name="API.testing.ComplexjsonParseusingTestNg" time="1.911" errors="0" timestamp="2022-12-25T23:50:12 IST" skipped="0">
  <testcase classname="API.testing.ComplexjsonParseusingTestNg" name="SumOfAmount" time="1.911"/>
  <system-out/>
</testsuite> <!-- API.testing.ComplexjsonParseusingTestNg -->
