<?xml version="1.0" encoding="UTF-8"?>
<!-- Generated by org.testng.reporters.JUnitReportReporter -->
<testsuite hostname="Jyothi" failures="0" tests="1" name="TestRunner.AddBook" time="2.944" errors="0" timestamp="2023-01-05T23:25:44 IST" skipped="0">
  <testcase classname="TestRunner.AddBook" name="getExcelData" time="2.944"/>
  <system-out/>
</testsuite> <!-- TestRunner.AddBook -->
