<?xml version="1.0" encoding="UTF-8"?>
<!-- Generated by org.testng.reporters.JUnitReportReporter -->
<testsuite hostname="Jyothi" failures="0" tests="1" name="TestRunner.SpecBuilderTest" time="0.940" errors="0" timestamp="2023-01-05T13:05:46 IST" skipped="0">
  <testcase classname="TestRunner.SpecBuilderTest" name="getSerialization" time="0.940"/>
  <system-out/>
</testsuite> <!-- TestRunner.SpecBuilderTest -->
